<?xml version="1.0" encoding="UTF-8"?>
<testng-results ignored="0" total="3" passed="3" failed="0" skipped="0">
  <reporter-output>
  </reporter-output>
  <suite started-at="2022-05-19T14:38:57 IST" name="Suite" finished-at="2022-05-19T14:39:51 IST" duration-ms="54728">
    <groups>
    </groups>
    <test started-at="2022-05-19T14:38:57 IST" name="Test" finished-at="2022-05-19T14:39:51 IST" duration-ms="54728">
      <class name="mindtree.Urban.signuptestcase">
        <test-method signature="Test3()[pri:0, instance:mindtree.Urban.signuptestcase@5136d012]" started-at="2022-05-19T14:38:57 IST" name="Test3" finished-at="2022-05-19T14:39:15 IST" duration-ms="18514" status="PASS">
          <reporter-output>
          </reporter-output>
        </test-method> <!-- Test3 -->
      </class> <!-- mindtree.Urban.signuptestcase -->
      <class name="mindtree.Urban.logintestcase">
        <test-method signature="Test1()[pri:0, instance:mindtree.Urban.logintestcase@3246fb96]" started-at="2022-05-19T14:39:15 IST" name="Test1" finished-at="2022-05-19T14:39:33 IST" duration-ms="17399" status="PASS">
          <reporter-output>
          </reporter-output>
        </test-method> <!-- Test1 -->
      </class> <!-- mindtree.Urban.logintestcase -->
      <class name="mindtree.Urban.SearchtestCase">
        <test-method signature="Test2()[pri:0, instance:mindtree.Urban.SearchtestCase@2e222612]" started-at="2022-05-19T14:39:33 IST" name="Test2" finished-at="2022-05-19T14:39:51 IST" duration-ms="18726" status="PASS">
          <reporter-output>
          </reporter-output>
        </test-method> <!-- Test2 -->
      </class> <!-- mindtree.Urban.SearchtestCase -->
    </test> <!-- Test -->
  </suite> <!-- Suite -->
</testng-results>
