<?xml version="1.0" encoding="UTF-8"?>
<!-- Generated by org.testng.reporters.JUnitXMLReporter -->
<testsuite ignored="0" hostname="mindc1d290" failures="0" tests="3" name="Test" time="54.728" errors="0" timestamp="2022-05-19T14:39:51 IST">
  <testcase classname="mindtree.Urban.signuptestcase" name="Test3" time="18.514"/>
  <testcase classname="mindtree.Urban.logintestcase" name="Test1" time="17.399"/>
  <testcase classname="mindtree.Urban.SearchtestCase" name="Test2" time="18.726"/>
</testsuite> <!-- Test -->
